<?xml version="1.0" encoding="UTF-8" ?>
<testsuite 
errors="0" failures="0" hostname="ROC02QW9MTG8WP.local" name="org.scalatest.tools.DiscoverySuite" tests="0" time="0.018" timestamp="2017-01-06T11:20:38">
  <properties>
    <property name="java.runtime.name" value="Java(TM) SE Runtime Environment">
    </property>
    <property 
    name="sun.boot.library.path" value="/Library/Java/JavaVirtualMachines/jdk1.8.0_73.jdk/Contents/Home/jre/lib">
</property>
    <property name="java.vm.version" value="25.73-b02"> </property>
    <property name="gopherProxySet" value="false"> </property>
    <property name="java.vm.vendor" value="Oracle Corporation"> </property>
    <property name="java.vendor.url" value="http://java.oracle.com/">
    </property>
    <property name="path.separator" value=":"> </property>
    <property name="java.vm.name" value="Java HotSpot(TM) 64-Bit Server VM">
    </property>
    <property name="file.encoding.pkg" value="sun.io"> </property>
    <property name="user.country" value="US"> </property>
    <property name="sun.java.launcher" value="SUN_STANDARD"> </property>
    <property name="sun.os.patch.level" value="unknown"> </property>
    <property 
    name="java.vm.specification.name" value="Java Virtual Machine Specification">
</property>
    <property 
    name="user.dir" value="/Users/broy/IdeaProjects/spark-2.0.2/examples">
</property>
    <property name="java.runtime.version" value="1.8.0_73-b02"> </property>
    <property name="spark.ui.enabled" value="false"> </property>
    <property name="java.awt.graphicsenv" value="sun.awt.CGraphicsEnvironment">
    </property>
    <property 
    name="basedir" value="/Users/broy/IdeaProjects/spark-2.0.2/examples">
</property>
    <property 
    name="java.endorsed.dirs" value="/Library/Java/JavaVirtualMachines/jdk1.8.0_73.jdk/Contents/Home/jre/lib/endorsed">
</property>
    <property name="os.arch" value="x86_64"> </property>
    <property 
    name="java.io.tmpdir" value="/Users/broy/IdeaProjects/spark-2.0.2/examples/target/tmp">
</property>
    <property name="derby.system.durability" value="test"> </property>
    <property name="line.separator" value=" "> </property>
    <property name="java.vm.specification.vendor" value="Oracle Corporation">
    </property>
    <property name="os.name" value="Mac OS X"> </property>
    <property 
    name="log4j.configuration" value="file:src/test/resources/log4j.properties">
</property>
    <property name="sun.jnu.encoding" value="UTF-8"> </property>
    <property name="spark.ui.showConsoleProgress" value="false"> </property>
    <property 
    name="java.library.path" value="/Users/broy/Library/Java/Extensions:/Library/Java/Extensions:/Network/Library/Java/Extensions:/System/Library/Java/Extensions:/usr/lib/java:.">
</property>
    <property 
    name="java.specification.name" value="Java Platform API Specification">
</property>
    <property name="java.class.version" value="52.0"> </property>
    <property 
    name="sun.management.compiler" value="HotSpot 64-Bit Tiered Compilers">
</property>
    <property name="os.version" value="10.11.6"> </property>
    <property 
    name="http.nonProxyHosts" value="local|*.local|169.254/16|*.169.254/16">
</property>
    <property name="user.home" value="/Users/broy"> </property>
    <property name="user.timezone" value=""> </property>
    <property name="java.awt.printerjob" value="sun.lwawt.macosx.CPrinterJob">
    </property>
    <property name="java.specification.version" value="1.8"> </property>
    <property name="file.encoding" value="UTF-8"> </property>
    <property name="spark.testing" value="1"> </property>
    <property name="user.name" value="broy"> </property>
    <property 
    name="java.class.path" value="/Users/broy/IdeaProjects/spark-2.0.2/examples/target/scala-2.11/test-classes:/Users/broy/IdeaProjects/spark-2.0.2/examples/target/scala-2.11/classes:/Users/broy/.m2/repository/org/spark-project/spark/unused/1.0.0/unused-1.0.0.jar:/Users/broy/.m2/repository/org/apache/spark/spark-core_2.11/2.0.2/spark-core_2.11-2.0.2.jar:/Users/broy/.m2/repository/org/apache/avro/avro-mapred/1.7.7/avro-mapred-1.7.7-hadoop2.jar:/Users/broy/.m2/repository/org/apache/avro/avro-ipc/1.7.7/avro-ipc-1.7.7.jar:/Users/broy/.m2/repository/org/apache/avro/avro-ipc/1.7.7/avro-ipc-1.7.7-tests.jar:/Users/broy/.m2/repository/org/codehaus/jackson/jackson-core-asl/1.9.13/jackson-core-asl-1.9.13.jar:/Users/broy/.m2/repository/com/twitter/chill_2.11/0.8.0/chill_2.11-0.8.0.jar:/Users/broy/.m2/repository/com/esotericsoftware/kryo-shaded/3.0.3/kryo-shaded-3.0.3.jar:/Users/broy/.m2/repository/com/esotericsoftware/minlog/1.3.0/minlog-1.3.0.jar:/Users/broy/.m2/repository/org/objenesis/objenesis/2.1/objenesis-2.1.jar:/Users/broy/.m2/repository/com/twitter/chill-java/0.8.0/chill-java-0.8.0.jar:/Users/broy/.m2/repository/org/apache/xbean/xbean-asm5-shaded/4.4/xbean-asm5-shaded-4.4.jar:/Users/broy/.m2/repository/org/apache/hadoop/hadoop-client/2.2.0/hadoop-client-2.2.0.jar:/Users/broy/.m2/repository/org/apache/hadoop/hadoop-common/2.2.0/hadoop-common-2.2.0.jar:/Users/broy/.m2/repository/org/apache/commons/commons-math/2.1/commons-math-2.1.jar:/Users/broy/.m2/repository/xmlenc/xmlenc/0.52/xmlenc-0.52.jar:/Users/broy/.m2/repository/commons-configuration/commons-configuration/1.6/commons-configuration-1.6.jar:/Users/broy/.m2/repository/commons-collections/commons-collections/3.2.2/commons-collections-3.2.2.jar:/Users/broy/.m2/repository/commons-digester/commons-digester/1.8/commons-digester-1.8.jar:/Users/broy/.m2/repository/commons-beanutils/commons-beanutils/1.7.0/commons-beanutils-1.7.0.jar:/Users/broy/.m2/repository/commons-beanutils/commons-beanutils-core/1.8.0/commons-beanutils-core-1.8.0.jar:/Users/broy/.m2/repository/com/google/protobuf/protobuf-java/2.5.0/protobuf-java-2.5.0.jar:/Users/broy/.m2/repository/org/apache/hadoop/hadoop-auth/2.2.0/hadoop-auth-2.2.0.jar:/Users/broy/.m2/repository/org/apache/hadoop/hadoop-hdfs/2.2.0/hadoop-hdfs-2.2.0.jar:/Users/broy/.m2/repository/org/apache/hadoop/hadoop-mapreduce-client-app/2.2.0/hadoop-mapreduce-client-app-2.2.0.jar:/Users/broy/.m2/repository/org/apache/hadoop/hadoop-mapreduce-client-common/2.2.0/hadoop-mapreduce-client-common-2.2.0.jar:/Users/broy/.m2/repository/org/apache/hadoop/hadoop-yarn-client/2.2.0/hadoop-yarn-client-2.2.0.jar:/Users/broy/.m2/repository/com/google/inject/guice/3.0/guice-3.0.jar:/Users/broy/.m2/repository/javax/inject/javax.inject/1/javax.inject-1.jar:/Users/broy/.m2/repository/aopalliance/aopalliance/1.0/aopalliance-1.0.jar:/Users/broy/.m2/repository/org/apache/hadoop/hadoop-yarn-server-common/2.2.0/hadoop-yarn-server-common-2.2.0.jar:/Users/broy/.m2/repository/org/apache/hadoop/hadoop-mapreduce-client-shuffle/2.2.0/hadoop-mapreduce-client-shuffle-2.2.0.jar:/Users/broy/.m2/repository/org/apache/hadoop/hadoop-yarn-api/2.2.0/hadoop-yarn-api-2.2.0.jar:/Users/broy/.m2/repository/org/apache/hadoop/hadoop-mapreduce-client-core/2.2.0/hadoop-mapreduce-client-core-2.2.0.jar:/Users/broy/.m2/repository/org/apache/hadoop/hadoop-yarn-common/2.2.0/hadoop-yarn-common-2.2.0.jar:/Users/broy/.m2/repository/org/apache/hadoop/hadoop-mapreduce-client-jobclient/2.2.0/hadoop-mapreduce-client-jobclient-2.2.0.jar:/Users/broy/.m2/repository/org/apache/hadoop/hadoop-annotations/2.2.0/hadoop-annotations-2.2.0.jar:/Users/broy/.m2/repository/org/apache/spark/spark-launcher_2.11/2.0.2/spark-launcher_2.11-2.0.2.jar:/Users/broy/.m2/repository/org/apache/spark/spark-network-common_2.11/2.0.2/spark-network-common_2.11-2.0.2.jar:/Users/broy/.m2/repository/org/fusesource/leveldbjni/leveldbjni-all/1.8/leveldbjni-all-1.8.jar:/Users/broy/.m2/repository/com/fasterxml/jackson/core/jackson-annotations/2.6.5/jackson-annotations-2.6.5.jar:/Users/broy/.m2/repository/org/apache/spark/spark-network-shuffle_2.11/2.0.2/spark-network-shuffle_2.11-2.0.2.jar:/Users/broy/.m2/repository/org/apache/spark/spark-unsafe_2.11/2.0.2/spark-unsafe_2.11-2.0.2.jar:/Users/broy/.m2/repository/net/java/dev/jets3t/jets3t/0.7.1/jets3t-0.7.1.jar:/Users/broy/.m2/repository/org/apache/curator/curator-recipes/2.4.0/curator-recipes-2.4.0.jar:/Users/broy/.m2/repository/org/apache/curator/curator-framework/2.4.0/curator-framework-2.4.0.jar:/Users/broy/.m2/repository/org/apache/curator/curator-client/2.4.0/curator-client-2.4.0.jar:/Users/broy/.m2/repository/org/apache/zookeeper/zookeeper/3.4.5/zookeeper-3.4.5.jar:/Users/broy/.m2/repository/com/google/guava/guava/14.0.1/guava-14.0.1.jar:/Users/broy/.m2/repository/javax/servlet/javax.servlet-api/3.1.0/javax.servlet-api-3.1.0.jar:/Users/broy/.m2/repository/org/apache/commons/commons-lang3/3.3.2/commons-lang3-3.3.2.jar:/Users/broy/.m2/repository/com/google/code/findbugs/jsr305/1.3.9/jsr305-1.3.9.jar:/Users/broy/.m2/repository/org/slf4j/slf4j-api/1.7.16/slf4j-api-1.7.16.jar:/Users/broy/.m2/repository/org/slf4j/jul-to-slf4j/1.7.16/jul-to-slf4j-1.7.16.jar:/Users/broy/.m2/repository/org/slf4j/jcl-over-slf4j/1.7.16/jcl-over-slf4j-1.7.16.jar:/Users/broy/.m2/repository/log4j/log4j/1.2.17/log4j-1.2.17.jar:/Users/broy/.m2/repository/org/slf4j/slf4j-log4j12/1.7.16/slf4j-log4j12-1.7.16.jar:/Users/broy/.m2/repository/com/ning/compress-lzf/1.0.3/compress-lzf-1.0.3.jar:/Users/broy/.m2/repository/org/xerial/snappy/snappy-java/1.1.2.6/snappy-java-1.1.2.6.jar:/Users/broy/.m2/repository/net/jpountz/lz4/lz4/1.3.0/lz4-1.3.0.jar:/Users/broy/.m2/repository/org/roaringbitmap/RoaringBitmap/0.5.11/RoaringBitmap-0.5.11.jar:/Users/broy/.m2/repository/commons-net/commons-net/2.2/commons-net-2.2.jar:/Users/broy/.m2/repository/org/json4s/json4s-jackson_2.11/3.2.11/json4s-jackson_2.11-3.2.11.jar:/Users/broy/.m2/repository/org/json4s/json4s-core_2.11/3.2.11/json4s-core_2.11-3.2.11.jar:/Users/broy/.m2/repository/org/json4s/json4s-ast_2.11/3.2.11/json4s-ast_2.11-3.2.11.jar:/Users/broy/.m2/repository/org/scala-lang/scalap/2.11.8/scalap-2.11.8.jar:/Users/broy/.m2/repository/org/scala-lang/scala-compiler/2.11.8/scala-compiler-2.11.8.jar:/Users/broy/.m2/repository/org/glassfish/jersey/core/jersey-client/2.22.2/jersey-client-2.22.2.jar:/Users/broy/.m2/repository/javax/ws/rs/javax.ws.rs-api/2.0.1/javax.ws.rs-api-2.0.1.jar:/Users/broy/.m2/repository/org/glassfish/hk2/hk2-api/2.4.0-b34/hk2-api-2.4.0-b34.jar:/Users/broy/.m2/repository/org/glassfish/hk2/hk2-utils/2.4.0-b34/hk2-utils-2.4.0-b34.jar:/Users/broy/.m2/repository/org/glassfish/hk2/external/aopalliance-repackaged/2.4.0-b34/aopalliance-repackaged-2.4.0-b34.jar:/Users/broy/.m2/repository/org/glassfish/hk2/external/javax.inject/2.4.0-b34/javax.inject-2.4.0-b34.jar:/Users/broy/.m2/repository/org/glassfish/hk2/hk2-locator/2.4.0-b34/hk2-locator-2.4.0-b34.jar:/Users/broy/.m2/repository/org/javassist/javassist/3.18.1-GA/javassist-3.18.1-GA.jar:/Users/broy/.m2/repository/org/glassfish/jersey/core/jersey-common/2.22.2/jersey-common-2.22.2.jar:/Users/broy/.m2/repository/javax/annotation/javax.annotation-api/1.2/javax.annotation-api-1.2.jar:/Users/broy/.m2/repository/org/glassfish/jersey/bundles/repackaged/jersey-guava/2.22.2/jersey-guava-2.22.2.jar:/Users/broy/.m2/repository/org/glassfish/hk2/osgi-resource-locator/1.0.1/osgi-resource-locator-1.0.1.jar:/Users/broy/.m2/repository/org/glassfish/jersey/core/jersey-server/2.22.2/jersey-server-2.22.2.jar:/Users/broy/.m2/repository/org/glassfish/jersey/media/jersey-media-jaxb/2.22.2/jersey-media-jaxb-2.22.2.jar:/Users/broy/.m2/repository/javax/validation/validation-api/1.1.0.Final/validation-api-1.1.0.Final.jar:/Users/broy/.m2/repository/org/glassfish/jersey/containers/jersey-container-servlet/2.22.2/jersey-container-servlet-2.22.2.jar:/Users/broy/.m2/repository/org/glassfish/jersey/containers/jersey-container-servlet-core/2.22.2/jersey-container-servlet-core-2.22.2.jar:/Users/broy/.m2/repository/org/apache/mesos/mesos/0.21.1/mesos-0.21.1-shaded-protobuf.jar:/Users/broy/.m2/repository/io/netty/netty-all/4.0.29.Final/netty-all-4.0.29.Final.jar:/Users/broy/.m2/repository/io/netty/netty/3.8.0.Final/netty-3.8.0.Final.jar:/Users/broy/.m2/repository/com/clearspring/analytics/stream/2.7.0/stream-2.7.0.jar:/Users/broy/.m2/repository/io/dropwizard/metrics/metrics-core/3.1.2/metrics-core-3.1.2.jar:/Users/broy/.m2/repository/io/dropwizard/metrics/metrics-jvm/3.1.2/metrics-jvm-3.1.2.jar:/Users/broy/.m2/repository/io/dropwizard/metrics/metrics-json/3.1.2/metrics-json-3.1.2.jar:/Users/broy/.m2/repository/io/dropwizard/metrics/metrics-graphite/3.1.2/metrics-graphite-3.1.2.jar:/Users/broy/.m2/repository/com/fasterxml/jackson/core/jackson-databind/2.6.5/jackson-databind-2.6.5.jar:/Users/broy/.m2/repository/com/fasterxml/jackson/core/jackson-core/2.6.5/jackson-core-2.6.5.jar:/Users/broy/.m2/repository/com/fasterxml/jackson/module/jackson-module-scala_2.11/2.6.5/jackson-module-scala_2.11-2.6.5.jar:/Users/broy/.m2/repository/com/fasterxml/jackson/module/jackson-module-paranamer/2.6.5/jackson-module-paranamer-2.6.5.jar:/Users/broy/.m2/repository/org/apache/ivy/ivy/2.4.0/ivy-2.4.0.jar:/Users/broy/.m2/repository/oro/oro/2.0.8/oro-2.0.8.jar:/Users/broy/.m2/repository/net/razorvine/pyrolite/4.13/pyrolite-4.13.jar:/Users/broy/.m2/repository/net/sf/py4j/py4j/0.10.3/py4j-0.10.3.jar:/Users/broy/.m2/repository/org/apache/spark/spark-tags_2.11/2.0.2/spark-tags_2.11-2.0.2.jar:/Users/broy/.m2/repository/org/apache/spark/spark-streaming_2.11/2.0.2/spark-streaming_2.11-2.0.2.jar:/Users/broy/.m2/repository/org/apache/spark/spark-mllib_2.11/2.0.2/spark-mllib_2.11-2.0.2.jar:/Users/broy/.m2/repository/org/apache/spark/spark-sql_2.11/2.0.2/spark-sql_2.11-2.0.2.jar:/Users/broy/.m2/repository/com/univocity/univocity-parsers/2.1.1/univocity-parsers-2.1.1.jar:/Users/broy/.m2/repository/org/apache/spark/spark-sketch_2.11/2.0.2/spark-sketch_2.11-2.0.2.jar:/Users/broy/.m2/repository/org/apache/spark/spark-catalyst_2.11/2.0.2/spark-catalyst_2.11-2.0.2.jar:/Users/broy/.m2/repository/org/codehaus/janino/janino/2.7.8/janino-2.7.8.jar:/Users/broy/.m2/repository/org/antlr/antlr4-runtime/4.5.3/antlr4-runtime-4.5.3.jar:/Users/broy/.m2/repository/org/apache/parquet/parquet-column/1.7.0/parquet-column-1.7.0.jar:/Users/broy/.m2/repository/org/apache/parquet/parquet-common/1.7.0/parquet-common-1.7.0.jar:/Users/broy/.m2/repository/org/apache/parquet/parquet-encoding/1.7.0/parquet-encoding-1.7.0.jar:/Users/broy/.m2/repository/org/apache/parquet/parquet-generator/1.7.0/parquet-generator-1.7.0.jar:/Users/broy/.m2/repository/org/apache/parquet/parquet-hadoop/1.7.0/parquet-hadoop-1.7.0.jar:/Users/broy/.m2/repository/org/apache/parquet/parquet-format/2.3.0-incubating/parquet-format-2.3.0-incubating.jar:/Users/broy/.m2/repository/org/apache/parquet/parquet-jackson/1.7.0/parquet-jackson-1.7.0.jar:/Users/broy/.m2/repository/org/apache/spark/spark-mllib-local_2.11/2.0.2/spark-mllib-local_2.11-2.0.2.jar:/Users/broy/.m2/repository/org/scalanlp/breeze_2.11/0.11.2/breeze_2.11-0.11.2.jar:/Users/broy/.m2/repository/org/scalanlp/breeze-macros_2.11/0.11.2/breeze-macros_2.11-0.11.2.jar:/Users/broy/.m2/repository/net/sf/opencsv/opencsv/2.3/opencsv-2.3.jar:/Users/broy/.m2/repository/com/github/rwl/jtransforms/2.4.0/jtransforms-2.4.0.jar:/Users/broy/.m2/repository/org/spire-math/spire_2.11/0.7.4/spire_2.11-0.7.4.jar:/Users/broy/.m2/repository/org/spire-math/spire-macros_2.11/0.7.4/spire-macros_2.11-0.7.4.jar:/Users/broy/.m2/repository/org/jpmml/pmml-model/1.2.15/pmml-model-1.2.15.jar:/Users/broy/.m2/repository/org/jpmml/pmml-schema/1.2.15/pmml-schema-1.2.15.jar:/Users/broy/.m2/repository/org/apache/spark/spark-hive_2.11/2.0.2/spark-hive_2.11-2.0.2.jar:/Users/broy/.m2/repository/org/spark-project/hive/hive-exec/1.2.1.spark2/hive-exec-1.2.1.spark2.jar:/Users/broy/.m2/repository/commons-io/commons-io/2.4/commons-io-2.4.jar:/Users/broy/.m2/repository/commons-lang/commons-lang/2.6/commons-lang-2.6.jar:/Users/broy/.m2/repository/javolution/javolution/5.5.1/javolution-5.5.1.jar:/Users/broy/.m2/repository/log4j/apache-log4j-extras/1.2.17/apache-log4j-extras-1.2.17.jar:/Users/broy/.m2/repository/org/antlr/antlr-runtime/3.4/antlr-runtime-3.4.jar:/Users/broy/.m2/repository/org/antlr/stringtemplate/3.2.1/stringtemplate-3.2.1.jar:/Users/broy/.m2/repository/antlr/antlr/2.7.7/antlr-2.7.7.jar:/Users/broy/.m2/repository/org/antlr/ST4/4.0.4/ST4-4.0.4.jar:/Users/broy/.m2/repository/org/apache/commons/commons-compress/1.4.1/commons-compress-1.4.1.jar:/Users/broy/.m2/repository/org/tukaani/xz/1.0/xz-1.0.jar:/Users/broy/.m2/repository/com/googlecode/javaewah/JavaEWAH/0.3.2/JavaEWAH-0.3.2.jar:/Users/broy/.m2/repository/org/iq80/snappy/snappy/0.2/snappy-0.2.jar:/Users/broy/.m2/repository/org/json/json/20090211/json-20090211.jar:/Users/broy/.m2/repository/stax/stax-api/1.0.1/stax-api-1.0.1.jar:/Users/broy/.m2/repository/org/spark-project/hive/hive-metastore/1.2.1.spark2/hive-metastore-1.2.1.spark2.jar:/Users/broy/.m2/repository/com/jolbox/bonecp/0.8.0.RELEASE/bonecp-0.8.0.RELEASE.jar:/Users/broy/.m2/repository/commons-cli/commons-cli/1.2/commons-cli-1.2.jar:/Users/broy/.m2/repository/commons-logging/commons-logging/1.1.3/commons-logging-1.1.3.jar:/Users/broy/.m2/repository/org/apache/derby/derby/10.12.1.1/derby-10.12.1.1.jar:/Users/broy/.m2/repository/org/datanucleus/datanucleus-api-jdo/3.2.6/datanucleus-api-jdo-3.2.6.jar:/Users/broy/.m2/repository/org/datanucleus/datanucleus-rdbms/3.2.9/datanucleus-rdbms-3.2.9.jar:/Users/broy/.m2/repository/commons-pool/commons-pool/1.5.4/commons-pool-1.5.4.jar:/Users/broy/.m2/repository/commons-dbcp/commons-dbcp/1.4/commons-dbcp-1.4.jar:/Users/broy/.m2/repository/javax/jdo/jdo-api/3.0.1/jdo-api-3.0.1.jar:/Users/broy/.m2/repository/javax/transaction/jta/1.1/jta-1.1.jar:/Users/broy/.m2/repository/org/apache/avro/avro/1.7.7/avro-1.7.7.jar:/Users/broy/.m2/repository/com/thoughtworks/paranamer/paranamer/2.3/paranamer-2.3.jar:/Users/broy/.m2/repository/commons-httpclient/commons-httpclient/3.1/commons-httpclient-3.1.jar:/Users/broy/.m2/repository/org/apache/calcite/calcite-avatica/1.2.0-incubating/calcite-avatica-1.2.0-incubating.jar:/Users/broy/.m2/repository/org/apache/calcite/calcite-core/1.2.0-incubating/calcite-core-1.2.0-incubating.jar:/Users/broy/.m2/repository/org/apache/calcite/calcite-linq4j/1.2.0-incubating/calcite-linq4j-1.2.0-incubating.jar:/Users/broy/.m2/repository/net/hydromatic/eigenbase-properties/1.1.5/eigenbase-properties-1.1.5.jar:/Users/broy/.m2/repository/org/codehaus/janino/commons-compiler/2.7.6/commons-compiler-2.7.6.jar:/Users/broy/.m2/repository/org/apache/httpcomponents/httpclient/4.5.2/httpclient-4.5.2.jar:/Users/broy/.m2/repository/org/apache/httpcomponents/httpcore/4.4.4/httpcore-4.4.4.jar:/Users/broy/.m2/repository/org/codehaus/jackson/jackson-mapper-asl/1.9.13/jackson-mapper-asl-1.9.13.jar:/Users/broy/.m2/repository/commons-codec/commons-codec/1.10/commons-codec-1.10.jar:/Users/broy/.m2/repository/joda-time/joda-time/2.9.3/joda-time-2.9.3.jar:/Users/broy/.m2/repository/org/jodd/jodd-core/3.5.2/jodd-core-3.5.2.jar:/Users/broy/.m2/repository/org/datanucleus/datanucleus-core/3.2.10/datanucleus-core-3.2.10.jar:/Users/broy/.m2/repository/org/apache/thrift/libthrift/0.9.2/libthrift-0.9.2.jar:/Users/broy/.m2/repository/org/apache/thrift/libfb303/0.9.2/libfb303-0.9.2.jar:/Users/broy/.m2/repository/org/apache/spark/spark-graphx_2.11/2.0.2/spark-graphx_2.11-2.0.2.jar:/Users/broy/.m2/repository/com/github/fommil/netlib/core/1.1.2/core-1.1.2.jar:/Users/broy/.m2/repository/net/sourceforge/f2j/arpack_combined_all/0.1/arpack_combined_all-0.1.jar:/Users/broy/.m2/repository/org/apache/spark/spark-streaming-flume_2.11/2.0.2/spark-streaming-flume_2.11-2.0.2.jar:/Users/broy/.m2/repository/org/apache/spark/spark-streaming-flume-sink_2.11/2.0.2/spark-streaming-flume-sink_2.11-2.0.2.jar:/Users/broy/.m2/repository/org/apache/flume/flume-ng-core/1.6.0/flume-ng-core-1.6.0.jar:/Users/broy/.m2/repository/org/apache/flume/flume-ng-configuration/1.6.0/flume-ng-configuration-1.6.0.jar:/Users/broy/.m2/repository/org/mortbay/jetty/jetty-util/6.1.26/jetty-util-6.1.26.jar:/Users/broy/.m2/repository/org/mortbay/jetty/jetty/6.1.26/jetty-6.1.26.jar:/Users/broy/.m2/repository/com/google/code/gson/gson/2.2.2/gson-2.2.2.jar:/Users/broy/.m2/repository/org/apache/mina/mina-core/2.0.4/mina-core-2.0.4.jar:/Users/broy/.m2/repository/org/apache/flume/flume-ng-sdk/1.6.0/flume-ng-sdk-1.6.0.jar:/Users/broy/.m2/repository/org/apache/spark/spark-streaming-kafka-0-8_2.11/2.0.2/spark-streaming-kafka-0-8_2.11-2.0.2.jar:/Users/broy/.m2/repository/org/apache/kafka/kafka_2.11/0.8.2.1/kafka_2.11-0.8.2.1.jar:/Users/broy/.m2/repository/com/yammer/metrics/metrics-core/2.2.0/metrics-core-2.2.0.jar:/Users/broy/.m2/repository/org/scala-lang/modules/scala-parser-combinators_2.11/1.0.2/scala-parser-combinators_2.11-1.0.2.jar:/Users/broy/.m2/repository/com/101tec/zkclient/0.3/zkclient-0.3.jar:/Users/broy/.m2/repository/org/apache/kafka/kafka-clients/0.8.2.1/kafka-clients-0.8.2.1.jar:/Users/broy/.m2/repository/org/apache/commons/commons-math3/3.4.1/commons-math3-3.4.1.jar:/Users/broy/.m2/repository/org/scalacheck/scalacheck_2.11/1.12.5/scalacheck_2.11-1.12.5.jar:/Users/broy/.m2/repository/org/scala-sbt/test-interface/1.0/test-interface-1.0.jar:/Users/broy/.m2/repository/org/scala-lang/scala-library/2.11.8/scala-library-2.11.8.jar:/Users/broy/.m2/repository/com/github/scopt/scopt_2.11/3.3.0/scopt_2.11-3.3.0.jar:/Users/broy/.m2/repository/com/twitter/parquet-hadoop-bundle/1.6.0/parquet-hadoop-bundle-1.6.0.jar:/Users/broy/.m2/repository/org/scalatest/scalatest_2.11/2.2.6/scalatest_2.11-2.2.6.jar:/Users/broy/.m2/repository/org/scala-lang/scala-reflect/2.11.8/scala-reflect-2.11.8.jar:/Users/broy/.m2/repository/org/scala-lang/modules/scala-xml_2.11/1.0.2/scala-xml_2.11-1.0.2.jar:/Users/broy/.m2/repository/junit/junit/4.12/junit-4.12.jar:/Users/broy/.m2/repository/org/hamcrest/hamcrest-core/1.3/hamcrest-core-1.3.jar:/Users/broy/.m2/repository/com/novocode/junit-interface/0.11/junit-interface-0.11.jar">
</property>
    <property name="java.vm.specification.version" value="1.8"> </property>
    <property name="sun.arch.data.model" value="64"> </property>
    <property 
    name="java.home" value="/Library/Java/JavaVirtualMachines/jdk1.8.0_73.jdk/Contents/Home/jre">
</property>
    <property 
    name="sun.java.command" value="org.scalatest.tools.Runner -R /Users/broy/IdeaProjects/spark-2.0.2/examples/target/scala-2.11/classes /Users/broy/IdeaProjects/spark-2.0.2/examples/target/scala-2.11/test-classes -o -f /Users/broy/IdeaProjects/spark-2.0.2/examples/target/surefire-reports/SparkTestSuite.txt -u /Users/broy/IdeaProjects/spark-2.0.2/examples/target/surefire-reports/.">
</property>
    <property name="java.specification.vendor" value="Oracle Corporation">
    </property>
    <property name="user.language" value="en"> </property>
    <property name="awt.toolkit" value="sun.lwawt.macosx.LWCToolkit">
    </property>
    <property name="java.vm.info" value="mixed mode"> </property>
    <property name="java.version" value="1.8.0_73"> </property>
    <property 
    name="java.ext.dirs" value="/Users/broy/Library/Java/Extensions:/Library/Java/JavaVirtualMachines/jdk1.8.0_73.jdk/Contents/Home/jre/lib/ext:/Library/Java/Extensions:/Network/Library/Java/Extensions:/System/Library/Java/Extensions:/usr/lib/java">
</property>
    <property 
    name="sun.boot.class.path" value="/Library/Java/JavaVirtualMachines/jdk1.8.0_73.jdk/Contents/Home/jre/lib/resources.jar:/Library/Java/JavaVirtualMachines/jdk1.8.0_73.jdk/Contents/Home/jre/lib/rt.jar:/Library/Java/JavaVirtualMachines/jdk1.8.0_73.jdk/Contents/Home/jre/lib/sunrsasign.jar:/Library/Java/JavaVirtualMachines/jdk1.8.0_73.jdk/Contents/Home/jre/lib/jsse.jar:/Library/Java/JavaVirtualMachines/jdk1.8.0_73.jdk/Contents/Home/jre/lib/jce.jar:/Library/Java/JavaVirtualMachines/jdk1.8.0_73.jdk/Contents/Home/jre/lib/charsets.jar:/Library/Java/JavaVirtualMachines/jdk1.8.0_73.jdk/Contents/Home/jre/lib/jfr.jar:/Library/Java/JavaVirtualMachines/jdk1.8.0_73.jdk/Contents/Home/jre/classes">
</property>
    <property 
    name="spark.test.home" value="/Users/broy/IdeaProjects/spark-2.0.2/examples">
</property>
    <property name="java.vendor" value="Oracle Corporation"> </property>
    <property name="java.awt.headless" value="true"> </property>
    <property name="file.separator" value="/"> </property>
    <property 
    name="java.vendor.url.bug" value="http://bugreport.sun.com/bugreport/">
</property>
    <property name="spark.unsafe.exceptionOnMemoryLeak" value="true">
    </property>
    <property name="sun.cpu.endian" value="little"> </property>
    <property name="sun.io.unicode.encoding" value="UnicodeBig"> </property>
    <property 
    name="socksNonProxyHosts" value="local|*.local|169.254/16|*.169.254/16">
</property>
    <property 
    name="ftp.nonProxyHosts" value="local|*.local|169.254/16|*.169.254/16">
</property>
    <property name="test.src.tables" value="__not_used__"> </property>
    <property name="sun.cpu.isalist" value=""> </property>
  </properties>
  <system-out><![CDATA[]]></system-out>
  <system-err><![CDATA[]]></system-err>
</testsuite>
